[debug] [2022-10-27T15:35:48.340Z] ----------------------------------------------------------------------
[debug] [2022-10-27T15:35:48.345Z] Command:       C:\Program Files\nodejs\node.exe C:\Users\USER\AppData\Roaming\npm\node_modules\firebase-tools\lib\bin\firebase.js init
[debug] [2022-10-27T15:35:48.347Z] CLI Version:   11.15.0
[debug] [2022-10-27T15:35:48.347Z] Platform:      win32
[debug] [2022-10-27T15:35:48.348Z] Node Version:  v16.15.1
[debug] [2022-10-27T15:35:48.349Z] Time:          Thu Oct 27 2022 21:35:48 GMT+0600 (Bangladesh Standard Time)
[debug] [2022-10-27T15:35:48.350Z] ----------------------------------------------------------------------
[debug] 
[debug] [2022-10-27T15:35:48.365Z] > command requires scopes: ["email","openid","https://www.googleapis.com/auth/cloudplatformprojects.readonly","https://www.googleapis.com/auth/firebase","https://www.googleapis.com/auth/cloud-platform"]
[debug] [2022-10-27T15:35:48.366Z] > authorizing via signed-in user (suhas01739@gmail.com)
[info] 
     ######## #### ########  ######## ########     ###     ######  ########
     ##        ##  ##     ## ##       ##     ##  ##   ##  ##       ##
     ######    ##  ########  ######   ########  #########  ######  ######
     ##        ##  ##    ##  ##       ##     ## ##     ##       ## ##
     ##       #### ##     ## ######## ########  ##     ##  ######  ########

You're about to initialize a Firebase project in this directory:

  C:\Projects\b2m-learning-client

Before we get started, keep in mind:

  * You are currently outside your home directory

[info] 
=== Project Setup
[info] 
[info] First, let's associate this project directory with a Firebase project.
[info] You can create multiple project aliases by running firebase use --add, 
[info] but for now we'll just set up a default project.
[info] 
[debug] [2022-10-27T15:39:45.163Z] > refreshing access token with scopes: []
[debug] [2022-10-27T15:39:45.168Z] >>> [apiv2][query] POST https://www.googleapis.com/oauth2/v3/token [none]
[debug] [2022-10-27T15:39:45.168Z] >>> [apiv2][body] POST https://www.googleapis.com/oauth2/v3/token [omitted]
[debug] [2022-10-27T15:39:46.844Z] <<< [apiv2][status] POST https://www.googleapis.com/oauth2/v3/token 200
[debug] [2022-10-27T15:39:46.844Z] <<< [apiv2][body] POST https://www.googleapis.com/oauth2/v3/token [omitted]
[debug] [2022-10-27T15:39:46.860Z] >>> [apiv2][query] GET https://firebase.googleapis.com/v1beta1/projects pageSize=100
[debug] [2022-10-27T15:39:48.601Z] <<< [apiv2][status] GET https://firebase.googleapis.com/v1beta1/projects 200
[debug] [2022-10-27T15:39:48.601Z] <<< [apiv2][body] GET https://firebase.googleapis.com/v1beta1/projects [omitted]
